<?xml version="1.0" encoding="UTF-8"?>
<!-- Generated by org.testng.reporters.JUnitXMLReporter -->
<testsuite hostname="DESKTOP-5A43L9P" name="Default test" tests="4" failures="0" timestamp="19 Oct 2016 03:28:07 GMT" time="0.432" errors="0">
  <testcase name="looptestcase" time="0.004" classname="com.sample.frameworksetup.driver"/>
  <testcase name="looptestcase" time="0.0" classname="com.sample.frameworksetup.driver"/>
  <testcase name="looptestcase" time="0.001" classname="com.sample.frameworksetup.driver"/>
  <testcase name="testing2" time="0.001" classname="com.sample.frameworksetup.driver"/>
</testsuite> <!-- Default test -->
