<?xml version="1.0" encoding="UTF-8"?>
<testng-results skipped="0" failed="0" total="1" passed="1">
  <reporter-output>
  </reporter-output>
  <suite name="Default suite" duration-ms="29" started-at="2016-10-29T20:24:05Z" finished-at="2016-10-29T20:24:05Z">
    <groups>
    </groups>
    <test name="Default test" duration-ms="29" started-at="2016-10-29T20:24:05Z" finished-at="2016-10-29T20:24:05Z">
      <class name="com.sample.frameworksetup.driver">
        <test-method status="PASS" signature="beforeTest()[pri:0, instance:com.sample.frameworksetup.driver@26653222]" name="beforeTest" is-config="true" duration-ms="6" started-at="2016-10-29T16:24:05Z" finished-at="2016-10-29T16:24:05Z">
          <reporter-output>
          </reporter-output>
        </test-method> <!-- beforeTest -->
        <test-method status="PASS" signature="beforeClass()[pri:0, instance:com.sample.frameworksetup.driver@26653222]" name="beforeClass" is-config="true" duration-ms="0" started-at="2016-10-29T16:24:05Z" finished-at="2016-10-29T16:24:05Z">
          <reporter-output>
          </reporter-output>
        </test-method> <!-- beforeClass -->
        <test-method status="PASS" signature="beforeMethod()[pri:0, instance:com.sample.frameworksetup.driver@26653222]" name="beforeMethod" is-config="true" duration-ms="0" started-at="2016-10-29T16:24:05Z" finished-at="2016-10-29T16:24:05Z">
          <reporter-output>
          </reporter-output>
        </test-method> <!-- beforeMethod -->
        <test-method status="PASS" signature="testing2()[pri:0, instance:com.sample.frameworksetup.driver@26653222]" name="testing2" duration-ms="9" started-at="2016-10-29T16:24:05Z" finished-at="2016-10-29T16:24:05Z">
          <reporter-output>
          </reporter-output>
        </test-method> <!-- testing2 -->
        <test-method status="PASS" signature="afterMethod()[pri:0, instance:com.sample.frameworksetup.driver@26653222]" name="afterMethod" is-config="true" duration-ms="0" started-at="2016-10-29T16:24:05Z" finished-at="2016-10-29T16:24:05Z">
          <reporter-output>
          </reporter-output>
        </test-method> <!-- afterMethod -->
        <test-method status="PASS" signature="afterClass()[pri:0, instance:com.sample.frameworksetup.driver@26653222]" name="afterClass" is-config="true" duration-ms="0" started-at="2016-10-29T16:24:05Z" finished-at="2016-10-29T16:24:05Z">
          <reporter-output>
          </reporter-output>
        </test-method> <!-- afterClass -->
        <test-method status="PASS" signature="afterTest()[pri:0, instance:com.sample.frameworksetup.driver@26653222]" name="afterTest" is-config="true" duration-ms="0" started-at="2016-10-29T16:24:05Z" finished-at="2016-10-29T16:24:05Z">
          <reporter-output>
          </reporter-output>
        </test-method> <!-- afterTest -->
      </class> <!-- com.sample.frameworksetup.driver -->
    </test> <!-- Default test -->
  </suite> <!-- Default suite -->
</testng-results>
